\BOOKMARK [1][-]{section.1}{\376\377\004\022\004\062\004\065\004\064\004\065\004\075\004\070\004\065}{}% 1
\BOOKMARK [2][-]{subsection.1.1}{\376\377\004\034\004\076\004\064\004\065\004\073\004\114\004\075\004\113\004\071\000\040\004\101\004\102\004\060\004\102\004\070\004\101\004\102\004\070\004\107\004\065\004\101\004\072\004\070\004\071\000\040\004\060\004\075\004\060\004\073\004\070\004\067\000\040\004\062\000\040\004\044\004\022\004\055\004\070\004\055\004\047}{section.1}% 2
\BOOKMARK [2][-]{subsection.1.2}{\376\377\004\034\004\076\004\064\004\065\004\073\004\114\000\040\004\072\004\062\004\060\004\100\004\072\000-\004\063\004\073\004\116\004\076\004\075\004\075\004\113\004\105\000\040\004\101\004\102\004\100\004\103\004\075\000\040\004\062\000\040\004\032\004\045\004\024}{section.1}% 3
\BOOKMARK [2][-]{subsection.1.3}{\376\377\004\041\004\073\004\070\004\117\004\075\004\070\004\065\000\040\004\101\004\102\004\100\004\103\004\075}{section.1}% 4
\BOOKMARK [2][-]{subsection.1.4}{\376\377\004\023\004\065\004\075\004\065\004\100\004\060\004\102\004\076\004\100\004\113\000\040\004\101\004\076\004\061\004\113\004\102\004\070\004\071\000\040\004\034\004\076\004\075\004\102\004\065\000-\004\032\004\060\004\100\004\073\004\076\000\040\004\062\000\040\004\074\004\117\004\063\004\072\004\076\004\071\000\040\004\076\004\061\004\073\004\060\004\101\004\102\004\070}{section.1}% 5
\BOOKMARK [2][-]{subsection.1.5}{\376\377\004\037\004\076\004\101\004\102\004\060\004\075\004\076\004\062\004\072\004\060\000\040\004\067\004\060\004\064\004\060\004\107\004\070}{section.1}% 6
\BOOKMARK [1][-]{section.2}{\376\377\004\040\004\060\004\067\004\100\004\060\004\061\004\076\004\102\004\072\004\060\000\040\004\063\004\065\004\075\004\065\004\100\004\060\004\102\004\076\004\100\004\060\000\040\004\101\004\076\004\061\004\113\004\102\004\070\004\071}{}% 7
\BOOKMARK [2][-]{subsection.2.1}{\376\377\004\037\004\073\004\060\004\075\000\040\004\100\004\060\004\067\004\100\004\060\004\061\004\076\004\102\004\072\004\070\000\040\004\070\000\040\004\100\004\060\004\101\004\107\004\121\004\102\004\076\004\062}{section.2}% 8
\BOOKMARK [2][-]{subsection.2.2}{\376\377\004\022\004\113\004\061\004\076\004\100\000\040\004\101\004\100\004\065\004\064\004\113\000\040\004\100\004\060\004\067\004\100\004\060\004\061\004\076\004\102\004\072\004\070}{section.2}% 9
\BOOKMARK [2][-]{subsection.2.3}{\376\377\004\041\004\102\004\100\004\103\004\072\004\102\004\103\004\100\004\060\000\040\004\077\004\100\004\076\004\063\004\100\004\060\004\074\004\074\004\113}{section.2}% 10
\BOOKMARK [3][-]{subsubsection.2.3.1}{\376\377\004\023\004\065\004\075\004\065\004\100\004\060\004\106\004\070\004\117\000\040\004\101\004\102\004\100\004\103\004\075}{subsection.2.3}% 11
\BOOKMARK [3][-]{subsubsection.2.3.2}{\376\377\004\027\004\060\004\077\004\076\004\073\004\075\004\065\004\075\004\070\004\065\000\040\004\063\004\100\004\060\004\104\004\060\000\040\004\070\000\040\004\075\004\060\004\105\004\076\004\066\004\064\004\065\004\075\004\070\004\065\000\040\004\072\004\076\004\074\004\077\004\076\004\075\004\065\004\075\004\102\000\040\004\101\004\062\004\117\004\067\004\075\004\076\004\101\004\102\004\070\000;\000\040\004\077\004\076\004\070\004\101\004\072\000\040\004\074\004\060\004\072\004\101\004\070\004\074\004\060\004\073\004\114\004\075\004\076\004\071\000\040\004\072\004\076\004\074\004\077\004\076\004\075\004\065\004\075\004\102\004\113}{subsection.2.3}% 12
\BOOKMARK [3][-]{subsubsection.2.3.3}{\376\377\004\032\004\076\004\073\004\070\004\107\004\065\004\101\004\102\004\062\004\076\000\040\004\101\004\102\004\100\004\103\004\075\000\040\004\062\000\040\004\072\004\073\004\060\004\101\004\102\004\065\004\100\004\065\000\040\004\070\000\040\004\065\004\063\004\076\000\040\004\077\004\073\004\076\004\111\004\060\004\064\004\114}{subsection.2.3}% 13
\BOOKMARK [3][-]{subsubsection.2.3.4}{\376\377\004\023\004\065\004\075\004\065\004\100\004\060\004\106\004\070\004\117\000\040\004\074\004\075\004\076\004\066\004\065\004\101\004\102\004\062\004\065\004\075\004\075\004\076\004\101\004\102\004\070\000\040\004\062\004\077\004\065\004\100\004\121\004\064\000-\004\075\004\060\004\067\004\060\004\064}{subsection.2.3}% 14
\BOOKMARK [3][-]{subsubsection.2.3.5}{\376\377\004\023\004\065\004\075\004\065\004\100\004\060\004\106\004\070\004\117\000\040\004\077\004\076\004\077\004\065\004\100\004\065\004\107\004\075\004\076\004\063\004\076\000\040\004\070\004\074\004\077\004\103\004\073\004\114\004\101\004\060\000\040\004\062\004\077\004\065\004\100\004\121\004\064\000-\004\075\004\060\004\067\004\060\004\064}{subsection.2.3}% 15
\BOOKMARK [3][-]{subsubsection.2.3.6}{\376\377\004\040\004\060\004\101\004\107\004\121\004\102\000\040\004\072\004\076\004\100\004\100\004\065\004\073\004\117\004\106\004\070\004\076\004\075\004\075\004\076\004\063\004\076\000\040\004\072\004\076\004\115\004\104\004\104\004\070\004\106\004\070\004\065\004\075\004\102\004\060}{subsection.2.3}% 16
\BOOKMARK [1][-]{section.3}{\376\377\004\040\004\065\004\067\004\103\004\073\004\114\004\102\004\060\004\102\004\113\000\040\004\100\004\060\004\101\004\107\004\121\004\102\004\076\004\062}{}% 17
\BOOKMARK [2][-]{subsection.3.1}{\376\377\004\037\004\065\004\100\004\072\004\076\004\073\004\117\004\106\004\070\004\076\004\075\004\075\004\113\004\071\000\040\004\077\004\065\004\100\004\065\004\105\004\076\004\064}{section.3}% 18
\BOOKMARK [3][-]{subsubsection.3.1.1}{\376\377\004\040\004\060\004\062\004\075\004\076\004\074\004\065\004\100\004\075\004\076\004\065\000\040\004\100\004\060\004\101\004\077\004\100\004\065\004\064\004\065\004\073\004\065\004\075\004\070\004\065\000\040\004\101\004\102\004\100\004\103\004\075}{subsection.3.1}% 19
\BOOKMARK [3][-]{subsubsection.3.1.2}{\376\377\004\037\004\060\004\100\004\060\004\061\004\076\004\073\004\070\004\107\004\065\004\101\004\072\004\076\004\065\000\040\004\100\004\060\004\101\004\077\004\100\004\065\004\064\004\065\004\073\004\065\004\075\004\070\004\065}{subsection.3.1}% 20
\BOOKMARK [2][-]{subsection.3.2}{\376\377\004\043\004\107\004\121\004\102\000\040\004\101\004\073\004\070\004\117\004\075\004\070\004\117\000\040\004\101\004\102\004\100\004\103\004\075\000\040\004\064\004\076\000\040\004\060\004\064\004\100\004\076\004\075\004\070\004\067\004\060\004\106\004\070\004\070}{section.3}% 21
\BOOKMARK [2][-]{subsection.3.3}{\376\377\004\022\004\113\004\107\004\070\004\101\004\073\004\065\004\075\004\070\004\065\000\040\004\072\004\076\004\100\004\100\004\065\004\073\004\117\004\106\004\070\004\076\004\075\004\075\004\076\004\063\004\076\000\040\004\072\004\076\004\115\004\104\004\104\004\070\004\106\004\070\004\065\004\075\004\102\004\060}{section.3}% 22
\BOOKMARK [1][-]{section.4}{\376\377\004\027\004\060\004\072\004\073\004\116\004\107\004\065\004\075\004\070\004\065}{}% 23
\BOOKMARK [1][-]{section.5}{\376\377\004\041\004\077\004\070\004\101\004\076\004\072\000\040\004\073\004\070\004\102\004\065\004\100\004\060\004\102\004\103\004\100\004\113}{}% 24
\BOOKMARK [1][-]{section.6}{\376\377\004\037\004\100\004\070\004\073\004\076\004\066\004\065\004\075\004\070\004\065}{}% 25
\BOOKMARK [2][-]{subsection.6.1}{\376\377\004\030\004\067\004\076\004\061\004\100\004\060\004\066\004\065\004\075\004\070\004\117}{section.6}% 26
\BOOKMARK [2][-]{subsection.6.2}{\376\377\004\042\004\060\004\061\004\073\004\070\004\106\004\113}{section.6}% 27
\BOOKMARK [2][-]{subsection.6.3}{\376\377\004\032\004\076\004\064\000\040\004\077\004\100\004\076\004\063\004\100\004\060\004\074\004\074\004\113}{section.6}% 28
