This is pdfTeX, Version 3.14159265-2.6-1.40.19 (TeX Live 2018/Arch Linux) (preloaded format=pdflatex 2019.5.14)  14 MAY 2019 18:02
entering extended mode
 restricted \write18 enabled.
 file:line:error style messages enabled.
 %&-line parsing enabled.
**appendix.tex
(./appendix.tex
LaTeX2e <2018-12-01>
./appendix.tex:1: Undefined control sequence.
l.1 \section
            {Приложение} 
Here is how much of TeX's memory you used:
 5 strings out of 492616
 142 string characters out of 6135177
 56957 words of memory out of 5000000
 4017 multiletter control sequences out of 15000+600000
 3640 words of font info for 14 fonts, out of 8000000 for 9000
 1141 hyphenation exceptions out of 8191
 5i,0n,1p,45b,8s stack positions out of 5000i,500n,10000p,200000b,80000s

./appendix.tex:1:  ==> Fatal error occurred, no output PDF file produced!
